2025-01-16T22:56:25.935Z [31merror[39m: Query error:  syntax error at or near "blog"
2025-01-16T22:56:25.936Z [31merror[39m: Database error:  {"length":93,"name":"error","severity":"ERROR","code":"42601","position":"10","file":"scan.l","line":"1246","routine":"scanner_yyerror"}
2025-01-16T23:48:23.726Z [31merror[39m: Query error:  column "technology" does not exist
2025-01-16T23:48:23.728Z [31merror[39m: Database error:  {"length":110,"name":"error","severity":"ERROR","code":"42703","position":"37","file":"parse_relation.c","line":"3721","routine":"errorMissingColumn"}
2025-01-16T23:50:31.295Z [31merror[39m: Query error:  syntax error at end of input
2025-01-16T23:50:31.297Z [31merror[39m: Database error:  {"length":91,"name":"error","severity":"ERROR","code":"42601","position":"38","file":"scan.l","line":"1238","routine":"scanner_yyerror"}
2025-01-17T00:18:14.406Z [31merror[39m: Query error:  invalid input syntax for type integer: "NaN"
2025-01-17T00:18:14.408Z [31merror[39m: Database error:  {"length":146,"name":"error","severity":"ERROR","code":"22P02","where":"unnamed portal parameter $1 = '...'","file":"numutils.c","line":"619","routine":"pg_strtoint32_safe"}
2025-01-18T19:54:07.313Z [31merror[39m: Query error:  invalid input syntax for type integer: "category=Nature"
2025-01-18T19:54:07.315Z [31merror[39m: Database error:  {"length":158,"name":"error","severity":"ERROR","code":"22P02","where":"unnamed portal parameter $1 = '...'","file":"numutils.c","line":"619","routine":"pg_strtoint32_safe"}
2025-01-18T19:54:07.460Z [31merror[39m: Query error:  invalid input syntax for type integer: "category=Nature"
2025-01-18T19:54:07.461Z [31merror[39m: Database error:  {"length":158,"name":"error","severity":"ERROR","code":"22P02","where":"unnamed portal parameter $1 = '...'","file":"numutils.c","line":"619","routine":"pg_strtoint32_safe"}
2025-01-18T19:59:06.699Z [31merror[39m: Query error:  invalid input syntax for type integer: "category=Nature"
2025-01-18T19:59:06.702Z [31merror[39m: Database error:  {"length":158,"name":"error","severity":"ERROR","code":"22P02","where":"unnamed portal parameter $1 = '...'","file":"numutils.c","line":"619","routine":"pg_strtoint32_safe"}
2025-01-18T19:59:06.835Z [31merror[39m: Query error:  invalid input syntax for type integer: "category=Nature"
2025-01-18T19:59:06.836Z [31merror[39m: Database error:  {"length":158,"name":"error","severity":"ERROR","code":"22P02","where":"unnamed portal parameter $1 = '...'","file":"numutils.c","line":"619","routine":"pg_strtoint32_safe"}
2025-01-18T19:59:54.314Z [31merror[39m: Query error:  invalid input syntax for type integer: "category=Learning"
2025-01-18T19:59:54.314Z [31merror[39m: Database error:  {"length":160,"name":"error","severity":"ERROR","code":"22P02","where":"unnamed portal parameter $1 = '...'","file":"numutils.c","line":"619","routine":"pg_strtoint32_safe"}
2025-01-18T20:00:00.267Z [31merror[39m: Query error:  invalid input syntax for type integer: "category=Nature"
2025-01-18T20:00:00.267Z [31merror[39m: Database error:  {"length":158,"name":"error","severity":"ERROR","code":"22P02","where":"unnamed portal parameter $1 = '...'","file":"numutils.c","line":"619","routine":"pg_strtoint32_safe"}
2025-01-18T20:00:00.298Z [31merror[39m: Query error:  invalid input syntax for type integer: "category=Nature"
2025-01-18T20:00:00.299Z [31merror[39m: Database error:  {"length":158,"name":"error","severity":"ERROR","code":"22P02","where":"unnamed portal parameter $1 = '...'","file":"numutils.c","line":"619","routine":"pg_strtoint32_safe"}
2025-01-18T20:00:13.870Z [31merror[39m: Query error:  invalid input syntax for type integer: "category=Technology"
2025-01-18T20:00:13.871Z [31merror[39m: Database error:  {"length":162,"name":"error","severity":"ERROR","code":"22P02","where":"unnamed portal parameter $1 = '...'","file":"numutils.c","line":"619","routine":"pg_strtoint32_safe"}
2025-01-18T20:00:13.899Z [31merror[39m: Query error:  invalid input syntax for type integer: "category=Technology"
2025-01-18T20:00:13.899Z [31merror[39m: Database error:  {"length":162,"name":"error","severity":"ERROR","code":"22P02","where":"unnamed portal parameter $1 = '...'","file":"numutils.c","line":"619","routine":"pg_strtoint32_safe"}
2025-01-18T20:00:58.217Z [31merror[39m: Query error:  invalid input syntax for type integer: "category=Technology"
2025-01-18T20:00:58.218Z [31merror[39m: Database error:  {"length":162,"name":"error","severity":"ERROR","code":"22P02","where":"unnamed portal parameter $1 = '...'","file":"numutils.c","line":"619","routine":"pg_strtoint32_safe"}
2025-01-18T20:01:01.821Z [31merror[39m: Query error:  invalid input syntax for type integer: "category=Technology"
2025-01-18T20:01:01.822Z [31merror[39m: Database error:  {"length":162,"name":"error","severity":"ERROR","code":"22P02","where":"unnamed portal parameter $1 = '...'","file":"numutils.c","line":"619","routine":"pg_strtoint32_safe"}
2025-01-18T20:01:01.951Z [31merror[39m: Query error:  invalid input syntax for type integer: "category=Technology"
2025-01-18T20:01:01.951Z [31merror[39m: Database error:  {"length":162,"name":"error","severity":"ERROR","code":"22P02","where":"unnamed portal parameter $1 = '...'","file":"numutils.c","line":"619","routine":"pg_strtoint32_safe"}
2025-01-18T20:01:10.097Z [31merror[39m: Query error:  invalid input syntax for type integer: "category=Nature"
2025-01-18T20:01:10.097Z [31merror[39m: Database error:  {"length":158,"name":"error","severity":"ERROR","code":"22P02","where":"unnamed portal parameter $1 = '...'","file":"numutils.c","line":"619","routine":"pg_strtoint32_safe"}
2025-01-18T20:01:10.127Z [31merror[39m: Query error:  invalid input syntax for type integer: "category=Nature"
2025-01-18T20:01:10.128Z [31merror[39m: Database error:  {"length":158,"name":"error","severity":"ERROR","code":"22P02","where":"unnamed portal parameter $1 = '...'","file":"numutils.c","line":"619","routine":"pg_strtoint32_safe"}
2025-01-18T20:01:49.213Z [31merror[39m: Query error:  invalid input syntax for type integer: "category=Nature"
2025-01-18T20:01:49.213Z [31merror[39m: Database error:  {"length":158,"name":"error","severity":"ERROR","code":"22P02","where":"unnamed portal parameter $1 = '...'","file":"numutils.c","line":"619","routine":"pg_strtoint32_safe"}
2025-01-18T20:02:04.021Z [31merror[39m: Query error:  invalid input syntax for type integer: "category=Technology"
2025-01-18T20:02:04.021Z [31merror[39m: Database error:  {"length":162,"name":"error","severity":"ERROR","code":"22P02","where":"unnamed portal parameter $1 = '...'","file":"numutils.c","line":"619","routine":"pg_strtoint32_safe"}
2025-01-18T20:02:04.049Z [31merror[39m: Query error:  invalid input syntax for type integer: "category=Technology"
2025-01-18T20:02:04.050Z [31merror[39m: Database error:  {"length":162,"name":"error","severity":"ERROR","code":"22P02","where":"unnamed portal parameter $1 = '...'","file":"numutils.c","line":"619","routine":"pg_strtoint32_safe"}
2025-01-18T20:02:32.215Z [31merror[39m: Query error:  invalid input syntax for type integer: "category=Learning"
2025-01-18T20:02:32.216Z [31merror[39m: Database error:  {"length":160,"name":"error","severity":"ERROR","code":"22P02","where":"unnamed portal parameter $1 = '...'","file":"numutils.c","line":"619","routine":"pg_strtoint32_safe"}
2025-01-18T20:02:44.612Z [31merror[39m: Query error:  invalid input syntax for type integer: "category=Technology"
2025-01-18T20:02:44.613Z [31merror[39m: Database error:  {"length":162,"name":"error","severity":"ERROR","code":"22P02","where":"unnamed portal parameter $1 = '...'","file":"numutils.c","line":"619","routine":"pg_strtoint32_safe"}
2025-01-18T20:02:44.642Z [31merror[39m: Query error:  invalid input syntax for type integer: "category=Technology"
2025-01-18T20:02:44.642Z [31merror[39m: Database error:  {"length":162,"name":"error","severity":"ERROR","code":"22P02","where":"unnamed portal parameter $1 = '...'","file":"numutils.c","line":"619","routine":"pg_strtoint32_safe"}
2025-01-18T20:03:14.213Z [31merror[39m: Query error:  invalid input syntax for type integer: "category=Technology"
2025-01-18T20:03:14.213Z [31merror[39m: Database error:  {"length":162,"name":"error","severity":"ERROR","code":"22P02","where":"unnamed portal parameter $1 = '...'","file":"numutils.c","line":"619","routine":"pg_strtoint32_safe"}
2025-01-18T20:03:17.702Z [31merror[39m: Query error:  invalid input syntax for type integer: "category=Technology"
2025-01-18T20:03:17.702Z [31merror[39m: Database error:  {"length":162,"name":"error","severity":"ERROR","code":"22P02","where":"unnamed portal parameter $1 = '...'","file":"numutils.c","line":"619","routine":"pg_strtoint32_safe"}
2025-01-18T20:03:17.731Z [31merror[39m: Query error:  invalid input syntax for type integer: "category=Technology"
2025-01-18T20:03:17.731Z [31merror[39m: Database error:  {"length":162,"name":"error","severity":"ERROR","code":"22P02","where":"unnamed portal parameter $1 = '...'","file":"numutils.c","line":"619","routine":"pg_strtoint32_safe"}
2025-01-18T20:03:30.867Z [31merror[39m: Query error:  invalid input syntax for type integer: "category=Learning"
2025-01-18T20:03:30.867Z [31merror[39m: Database error:  {"length":160,"name":"error","severity":"ERROR","code":"22P02","where":"unnamed portal parameter $1 = '...'","file":"numutils.c","line":"619","routine":"pg_strtoint32_safe"}
2025-01-18T20:03:30.896Z [31merror[39m: Query error:  invalid input syntax for type integer: "category=Learning"
2025-01-18T20:03:30.896Z [31merror[39m: Database error:  {"length":160,"name":"error","severity":"ERROR","code":"22P02","where":"unnamed portal parameter $1 = '...'","file":"numutils.c","line":"619","routine":"pg_strtoint32_safe"}
2025-01-18T20:03:47.205Z [31merror[39m: Query error:  invalid input syntax for type integer: "category=Learning"
2025-01-18T20:03:47.206Z [31merror[39m: Database error:  {"length":160,"name":"error","severity":"ERROR","code":"22P02","where":"unnamed portal parameter $1 = '...'","file":"numutils.c","line":"619","routine":"pg_strtoint32_safe"}
2025-01-18T20:04:37.554Z [31merror[39m: Query error:  invalid input syntax for type integer: "category=Technology"
2025-01-18T20:04:37.555Z [31merror[39m: Database error:  {"length":162,"name":"error","severity":"ERROR","code":"22P02","where":"unnamed portal parameter $1 = '...'","file":"numutils.c","line":"619","routine":"pg_strtoint32_safe"}
2025-01-18T20:04:37.692Z [31merror[39m: Query error:  invalid input syntax for type integer: "category=Technology"
2025-01-18T20:04:37.692Z [31merror[39m: Database error:  {"length":162,"name":"error","severity":"ERROR","code":"22P02","where":"unnamed portal parameter $1 = '...'","file":"numutils.c","line":"619","routine":"pg_strtoint32_safe"}
2025-01-18T20:08:26.853Z [31merror[39m: Query error:  invalid input syntax for type integer: "category=Technology"
2025-01-18T20:08:26.854Z [31merror[39m: Database error:  {"length":162,"name":"error","severity":"ERROR","code":"22P02","where":"unnamed portal parameter $1 = '...'","file":"numutils.c","line":"619","routine":"pg_strtoint32_safe"}
2025-01-18T20:08:26.893Z [31merror[39m: Query error:  invalid input syntax for type integer: "category=Technology"
2025-01-18T20:08:26.894Z [31merror[39m: Database error:  {"length":162,"name":"error","severity":"ERROR","code":"22P02","where":"unnamed portal parameter $1 = '...'","file":"numutils.c","line":"619","routine":"pg_strtoint32_safe"}
2025-01-18T20:08:32.081Z [31merror[39m: Query error:  invalid input syntax for type integer: "category=Motivation"
2025-01-18T20:08:32.081Z [31merror[39m: Database error:  {"length":162,"name":"error","severity":"ERROR","code":"22P02","where":"unnamed portal parameter $1 = '...'","file":"numutils.c","line":"619","routine":"pg_strtoint32_safe"}
2025-01-18T20:08:32.108Z [31merror[39m: Query error:  invalid input syntax for type integer: "category=Motivation"
2025-01-18T20:08:32.109Z [31merror[39m: Database error:  {"length":162,"name":"error","severity":"ERROR","code":"22P02","where":"unnamed portal parameter $1 = '...'","file":"numutils.c","line":"619","routine":"pg_strtoint32_safe"}
2025-01-18T21:35:14.253Z [31merror[39m: Query error:  invalid input syntax for type integer: "category"
2025-01-18T21:35:14.256Z [31merror[39m: Database error:  {"length":151,"name":"error","severity":"ERROR","code":"22P02","where":"unnamed portal parameter $1 = '...'","file":"numutils.c","line":"619","routine":"pg_strtoint32_safe"}
